<?xml version="1.0" encoding="UTF-8"?>
<testsuites tests="2" failures="1" disabled="0" errors="0" time="0." timestamp="2023-05-31T18:29:58.411" name="AllTests">
  <testsuite name="DayOfYearTestSuite" tests="2" failures="1" disabled="0" skipped="0" errors="0" time="0." timestamp="2023-05-31T18:29:58.411">
    <testcase name="dummyTest" file="/home/paro/CLionProjects/paro2023-template/exercise1/ut/day-of-year-tests.cpp" line="6" status="run" result="completed" time="0." timestamp="2023-05-31T18:29:58.411" classname="DayOfYearTestSuite">
      <failure message="/home/paro/CLionProjects/paro2023-template/exercise1/ut/day-of-year-tests.cpp:8&#x0A;Value of: false&#x0A;  Actual: false&#x0A;Expected: true&#x0A;" type=""><![CDATA[/home/paro/CLionProjects/paro2023-template/exercise1/ut/day-of-year-tests.cpp:8
Value of: false
  Actual: false
Expected: true
]]></failure>
    </testcase>
    <testcase name="January1stIsFitstDayOfYear" file="/home/paro/CLionProjects/paro2023-template/exercise1/ut/day-of-year-tests.cpp" line="11" status="run" result="completed" time="0." timestamp="2023-05-31T18:29:58.411" classname="DayOfYearTestSuite" />
  </testsuite>
</testsuites>
